Expand q, 0, ['program_0'], ['main', '{', 'declarationList', '}'], maxIndex=-1
Advance q, 1, ['program_0', 'main'], ['{', 'declarationList', '}'], maxIndex=0
Advance q, 2, ['program_0', 'main', '{'], ['declarationList', '}'], maxIndex=1
Expand q, 2, ['program_0', 'main', '{', 'declarationList_0'], ['declaration', '}'], maxIndex=2
Expand q, 2, ['program_0', 'main', '{', 'declarationList_0', 'declaration_0'], ['define', 'type', 'declarationBody', '}'], maxIndex=2
Advance q, 3, ['program_0', 'main', '{', 'declarationList_0', 'declaration_0', 'define'], ['type', 'declarationBody', '}'], maxIndex=2
Expand q, 3, ['program_0', 'main', '{', 'declarationList_0', 'declaration_0', 'define', 'type_0'], ['mainTypes', 'declarationBody', '}'], maxIndex=3
Expand q, 3, ['program_0', 'main', '{', 'declarationList_0', 'declaration_0', 'define', 'type_0', 'mainTypes_0'], ['Integer', 'declarationBody', '}'], maxIndex=3
Advance q, 4, ['program_0', 'main', '{', 'declarationList_0', 'declaration_0', 'define', 'type_0', 'mainTypes_0', 'Integer'], ['declarationBody', '}'], maxIndex=3
Expand q, 4, ['program_0', 'main', '{', 'declarationList_0', 'declaration_0', 'define', 'type_0', 'mainTypes_0', 'Integer', 'declarationBody_0'], ['IDENTIFIER', ';', '}'], maxIndex=4
Advance q, 5, ['program_0', 'main', '{', 'declarationList_0', 'declaration_0', 'define', 'type_0', 'mainTypes_0', 'Integer', 'declarationBody_0', 'IDENTIFIER'], [';', '}'], maxIndex=4
Momentary Insuccess b, 5, ['program_0', 'main', '{', 'declarationList_0', 'declaration_0', 'define', 'type_0', 'mainTypes_0', 'Integer', 'declarationBody_0', 'IDENTIFIER'], [';', '}'], maxIndex=5
Back b, 4, ['program_0', 'main', '{', 'declarationList_0', 'declaration_0', 'define', 'type_0', 'mainTypes_0', 'Integer', 'declarationBody_0'], ['IDENTIFIER', ';', '}'], maxIndex=5
Another Try q, 4, ['program_0', 'main', '{', 'declarationList_0', 'declaration_0', 'define', 'type_0', 'mainTypes_0', 'Integer', 'declarationBody_1'], ['IDENTIFIER', ',', 'declarationBody', '}'], maxIndex=5
Advance q, 5, ['program_0', 'main', '{', 'declarationList_0', 'declaration_0', 'define', 'type_0', 'mainTypes_0', 'Integer', 'declarationBody_1', 'IDENTIFIER'], [',', 'declarationBody', '}'], maxIndex=5
Advance q, 6, ['program_0', 'main', '{', 'declarationList_0', 'declaration_0', 'define', 'type_0', 'mainTypes_0', 'Integer', 'declarationBody_1', 'IDENTIFIER', ','], ['declarationBody', '}'], maxIndex=5
Expand q, 6, ['program_0', 'main', '{', 'declarationList_0', 'declaration_0', 'define', 'type_0', 'mainTypes_0', 'Integer', 'declarationBody_1', 'IDENTIFIER', ',', 'declarationBody_0'], ['IDENTIFIER', ';', '}'], maxIndex=6
Advance q, 7, ['program_0', 'main', '{', 'declarationList_0', 'declaration_0', 'define', 'type_0', 'mainTypes_0', 'Integer', 'declarationBody_1', 'IDENTIFIER', ',', 'declarationBody_0', 'IDENTIFIER'], [';', '}'], maxIndex=6
Momentary Insuccess b, 7, ['program_0', 'main', '{', 'declarationList_0', 'declaration_0', 'define', 'type_0', 'mainTypes_0', 'Integer', 'declarationBody_1', 'IDENTIFIER', ',', 'declarationBody_0', 'IDENTIFIER'], [';', '}'], maxIndex=7
Back b, 6, ['program_0', 'main', '{', 'declarationList_0', 'declaration_0', 'define', 'type_0', 'mainTypes_0', 'Integer', 'declarationBody_1', 'IDENTIFIER', ',', 'declarationBody_0'], ['IDENTIFIER', ';', '}'], maxIndex=7
Another Try q, 6, ['program_0', 'main', '{', 'declarationList_0', 'declaration_0', 'define', 'type_0', 'mainTypes_0', 'Integer', 'declarationBody_1', 'IDENTIFIER', ',', 'declarationBody_1'], ['IDENTIFIER', ',', 'declarationBody', '}'], maxIndex=7
Advance q, 7, ['program_0', 'main', '{', 'declarationList_0', 'declaration_0', 'define', 'type_0', 'mainTypes_0', 'Integer', 'declarationBody_1', 'IDENTIFIER', ',', 'declarationBody_1', 'IDENTIFIER'], [',', 'declarationBody', '}'], maxIndex=7
Advance q, 8, ['program_0', 'main', '{', 'declarationList_0', 'declaration_0', 'define', 'type_0', 'mainTypes_0', 'Integer', 'declarationBody_1', 'IDENTIFIER', ',', 'declarationBody_1', 'IDENTIFIER', ','], ['declarationBody', '}'], maxIndex=7
Expand q, 8, ['program_0', 'main', '{', 'declarationList_0', 'declaration_0', 'define', 'type_0', 'mainTypes_0', 'Integer', 'declarationBody_1', 'IDENTIFIER', ',', 'declarationBody_1', 'IDENTIFIER', ',', 'declarationBody_0'], ['IDENTIFIER', ';', '}'], maxIndex=8
Advance q, 9, ['program_0', 'main', '{', 'declarationList_0', 'declaration_0', 'define', 'type_0', 'mainTypes_0', 'Integer', 'declarationBody_1', 'IDENTIFIER', ',', 'declarationBody_1', 'IDENTIFIER', ',', 'declarationBody_0', 'IDENTIFIER'], [';', '}'], maxIndex=8
Momentary Insuccess b, 9, ['program_0', 'main', '{', 'declarationList_0', 'declaration_0', 'define', 'type_0', 'mainTypes_0', 'Integer', 'declarationBody_1', 'IDENTIFIER', ',', 'declarationBody_1', 'IDENTIFIER', ',', 'declarationBody_0', 'IDENTIFIER'], [';', '}'], maxIndex=9
Back b, 8, ['program_0', 'main', '{', 'declarationList_0', 'declaration_0', 'define', 'type_0', 'mainTypes_0', 'Integer', 'declarationBody_1', 'IDENTIFIER', ',', 'declarationBody_1', 'IDENTIFIER', ',', 'declarationBody_0'], ['IDENTIFIER', ';', '}'], maxIndex=9
Another Try q, 8, ['program_0', 'main', '{', 'declarationList_0', 'declaration_0', 'define', 'type_0', 'mainTypes_0', 'Integer', 'declarationBody_1', 'IDENTIFIER', ',', 'declarationBody_1', 'IDENTIFIER', ',', 'declarationBody_1'], ['IDENTIFIER', ',', 'declarationBody', '}'], maxIndex=9
Advance q, 9, ['program_0', 'main', '{', 'declarationList_0', 'declaration_0', 'define', 'type_0', 'mainTypes_0', 'Integer', 'declarationBody_1', 'IDENTIFIER', ',', 'declarationBody_1', 'IDENTIFIER', ',', 'declarationBody_1', 'IDENTIFIER'], [',', 'declarationBody', '}'], maxIndex=9
Advance q, 10, ['program_0', 'main', '{', 'declarationList_0', 'declaration_0', 'define', 'type_0', 'mainTypes_0', 'Integer', 'declarationBody_1', 'IDENTIFIER', ',', 'declarationBody_1', 'IDENTIFIER', ',', 'declarationBody_1', 'IDENTIFIER', ','], ['declarationBody', '}'], maxIndex=9
Expand q, 10, ['program_0', 'main', '{', 'declarationList_0', 'declaration_0', 'define', 'type_0', 'mainTypes_0', 'Integer', 'declarationBody_1', 'IDENTIFIER', ',', 'declarationBody_1', 'IDENTIFIER', ',', 'declarationBody_1', 'IDENTIFIER', ',', 'declarationBody_0'], ['IDENTIFIER', ';', '}'], maxIndex=10
Advance q, 11, ['program_0', 'main', '{', 'declarationList_0', 'declaration_0', 'define', 'type_0', 'mainTypes_0', 'Integer', 'declarationBody_1', 'IDENTIFIER', ',', 'declarationBody_1', 'IDENTIFIER', ',', 'declarationBody_1', 'IDENTIFIER', ',', 'declarationBody_0', 'IDENTIFIER'], [';', '}'], maxIndex=10
Advance q, 12, ['program_0', 'main', '{', 'declarationList_0', 'declaration_0', 'define', 'type_0', 'mainTypes_0', 'Integer', 'declarationBody_1', 'IDENTIFIER', ',', 'declarationBody_1', 'IDENTIFIER', ',', 'declarationBody_1', 'IDENTIFIER', ',', 'declarationBody_0', 'IDENTIFIER', ';'], ['}'], maxIndex=11
Advance q, 13, ['program_0', 'main', '{', 'declarationList_0', 'declaration_0', 'define', 'type_0', 'mainTypes_0', 'Integer', 'declarationBody_1', 'IDENTIFIER', ',', 'declarationBody_1', 'IDENTIFIER', ',', 'declarationBody_1', 'IDENTIFIER', ',', 'declarationBody_0', 'IDENTIFIER', ';', '}'], [], maxIndex=12
Success f, 13, ['program_0', 'main', '{', 'declarationList_0', 'declaration_0', 'define', 'type_0', 'mainTypes_0', 'Integer', 'declarationBody_1', 'IDENTIFIER', ',', 'declarationBody_1', 'IDENTIFIER', ',', 'declarationBody_1', 'IDENTIFIER', ',', 'declarationBody_0', 'IDENTIFIER', ';', '}'], [], maxIndex=13
